14:05:21.944 request:
1 > GET https://reqres.in/api/users%3Fpage=1
1 > Accept-Encoding: gzip,deflate
1 > Connection: Keep-Alive
1 > Host: reqres.in
1 > User-Agent: Apache-HttpClient/4.5.12 (Java/1.8.0_242)

14:05:23.785 response time in milliseconds: 1838.25
1 < 200
1 < Access-Control-Allow-Origin: *
1 < CF-Cache-Status: REVALIDATED
1 < CF-RAY: 58af73c0cd4ef375-ATL
1 < Cache-Control: max-age=14400
1 < Connection: keep-alive
1 < Content-Type: application/json; charset=utf-8
1 < Date: Tue, 28 Apr 2020 08:35:50 GMT
1 < Etag: W/"301-ijGNEim/mAI7LpbQIXyQc2bjt+k"
1 < Expect-CT: max-age=604800, report-uri="https://report-uri.cloudflare.com/cdn-cgi/beacon/expect-ct"
1 < Server: cloudflare
1 < Set-Cookie: __cfduid=de55b538a643a30cfbdac153b1f318b9d1588062950; expires=Thu, 28-May-20 08:35:50 GMT; path=/; domain=.reqres.in; HttpOnly; SameSite=Lax; Secure
1 < Transfer-Encoding: chunked
1 < Vary: Accept-Encoding
1 < Via: 1.1 vegur
1 < X-Powered-By: Express
1 < cf-request-id: 026186ac7e0000f375bf010200000001
{"page":1,"per_page":6,"total":12,"total_pages":2,"data":[{"id":1,"name":"cerulean","year":2000,"color":"#98B2D1","pantone_value":"15-4020"},{"id":2,"name":"fuchsia rose","year":2001,"color":"#C74375","pantone_value":"17-2031"},{"id":3,"name":"true red","year":2002,"color":"#BF1932","pantone_value":"19-1664"},{"id":4,"name":"aqua sky","year":2003,"color":"#7BC4C4","pantone_value":"14-4811"},{"id":5,"name":"tigerlily","year":2004,"color":"#E2583E","pantone_value":"17-1456"},{"id":6,"name":"blue turquoise","year":2005,"color":"#53B0AE","pantone_value":"15-5217"}],"ad":{"company":"StatusCode Weekly","url":"http://statuscode.org/","text":"A weekly newsletter focusing on software development, infrastructure, the server, performance, and the stack end of things."}}

14:05:23.790 [print] {
  "per_page": 6,
  "total": 12,
  "ad": {
    "company": "StatusCode Weekly",
    "text": "A weekly newsletter focusing on software development, infrastructure, the server, performance, and the stack end of things.",
    "url": "http://statuscode.org/"
  },
  "data": [
    {
      "color": "#98B2D1",
      "year": 2000,
      "name": "cerulean",
      "id": 1,
      "pantone_value": "15-4020"
    },
    {
      "color": "#C74375",
      "year": 2001,
      "name": "fuchsia rose",
      "id": 2,
      "pantone_value": "17-2031"
    },
    {
      "color": "#BF1932",
      "year": 2002,
      "name": "true red",
      "id": 3,
      "pantone_value": "19-1664"
    },
    {
      "color": "#7BC4C4",
      "year": 2003,
      "name": "aqua sky",
      "id": 4,
      "pantone_value": "14-4811"
    },
    {
      "color": "#E2583E",
      "year": 2004,
      "name": "tigerlily",
      "id": 5,
      "pantone_value": "17-1456"
    },
    {
      "color": "#53B0AE",
      "year": 2005,
      "name": "blue turquoise",
      "id": 6,
      "pantone_value": "15-5217"
    }
  ],
  "page": 1,
  "total_pages": 2
}

14:05:23.812 [print] {
  "page": 2,
  "per_page": 6,
  "total": 12,
  "total_pages": 2,
  "data": [
    {
      "id": 7,
      "email": "michael.lawson@reqres.in",
      "first_name": "Michael",
      "last_name": "Lawson",
      "avatar": "https://s3.amazonaws.com/uifaces/faces/twitter/follettkyle/128.jpg"
    },
    {
      "id": 8,
      "email": "lindsay.ferguson@reqres.in",
      "first_name": "Lindsay",
      "last_name": "Ferguson",
      "avatar": "https://s3.amazonaws.com/uifaces/faces/twitter/araa3185/128.jpg"
    },
    {
      "id": 9,
      "email": "tobias.funke@reqres.in",
      "first_name": "Tobias",
      "last_name": "Funke",
      "avatar": "https://s3.amazonaws.com/uifaces/faces/twitter/vivekprvr/128.jpg"
    },
    {
      "id": 10,
      "email": "byron.fields@reqres.in",
      "first_name": "Byron",
      "last_name": "Fields",
      "avatar": "https://s3.amazonaws.com/uifaces/faces/twitter/russoedu/128.jpg"
    },
    {
      "id": 11,
      "email": "george.edwards@reqres.in",
      "first_name": "George",
      "last_name": "Edwards",
      "avatar": "https://s3.amazonaws.com/uifaces/faces/twitter/mrmoiree/128.jpg"
    },
    {
      "id": 12,
      "email": "rachel.howell@reqres.in",
      "first_name": "Rachel",
      "last_name": "Howell",
      "avatar": "https://s3.amazonaws.com/uifaces/faces/twitter/hebertialmeida/128.jpg"
    }
  ],
  "ad": {
    "company": "StatusCode Weekly",
    "url": "http://statuscode.org/",
    "text": "A weekly newsletter focusing on software development, infrastructure, the server, performance, and the stack end of things."
  }
}

14:05:23.825 assertion failed: path: $.page, actual: 1, expected: 2, reason: not equal (Integer)
