14:08:34.541 request:
1 > GET https://reqres.in/api/users/2
1 > Accept-Encoding: gzip,deflate
1 > Connection: Keep-Alive
1 > Host: reqres.in
1 > User-Agent: Apache-HttpClient/4.5.12 (Java/1.8.0_242)

14:08:36.231 response time in milliseconds: 1684.19
1 < 200
1 < Access-Control-Allow-Origin: *
1 < Age: 2628
1 < CF-Cache-Status: HIT
1 < CF-RAY: 58af7874ebc2ba3a-ATL
1 < Cache-Control: max-age=14400
1 < Connection: keep-alive
1 < Content-Type: application/json; charset=utf-8
1 < Date: Tue, 28 Apr 2020 08:39:03 GMT
1 < Etag: W/"173-1Z8bn0V7UjH6FK7NCaza1ccWXQk"
1 < Expect-CT: max-age=604800, report-uri="https://report-uri.cloudflare.com/cdn-cgi/beacon/expect-ct"
1 < Server: cloudflare
1 < Set-Cookie: __cfduid=d36d58404b4f18fd766fa3d1d4351f3c41588063143; expires=Thu, 28-May-20 08:39:03 GMT; path=/; domain=.reqres.in; HttpOnly; SameSite=Lax; Secure
1 < Transfer-Encoding: chunked
1 < Vary: Accept-Encoding
1 < Via: 1.1 vegur
1 < X-Powered-By: Express
1 < cf-request-id: 0261899d0d0000ba3a22896200000001
{"data":{"id":2,"email":"janet.weaver@reqres.in","first_name":"Janet","last_name":"Weaver","avatar":"https://s3.amazonaws.com/uifaces/faces/twitter/josephstein/128.jpg"},"ad":{"company":"StatusCode Weekly","url":"http://statuscode.org/","text":"A weekly newsletter focusing on software development, infrastructure, the server, performance, and the stack end of things."}}

,
  "id": "513",
  "email": "#(email)"
}

13:54:01.922 [print] 
4,"color":"#E2583E","pantone_value":"17-1456"},{"id":6,"name":"blue turquoise","year":2005,"color":"#53B0AE","pantone_value":"15-5217"}],"ad":{"company":"StatusCode Weekly","url":"http://statuscode.org/","text":"A weekly newsletter focusing on software development, infrastructure, the server, performance, and the stack end of things."}}

13:47:34.242 [print] data ----> [
  {
    "color": "#98B2D1",
    "year": 2000,
    "name": "cerulean",
    "id": 1,
    "pantone_value": "15-4020"
  },
  {
    "color": "#C74375",
    "year": 2001,
    "name": "fuchsia rose",
    "id": 2,
    "pantone_value": "17-2031"
  },
  {
    "color": "#BF1932",
    "year": 2002,
    "name": "true red",
    "id": 3,
    "pantone_value": "19-1664"
  },
  {
    "color": "#7BC4C4",
    "year": 2003,
    "name": "aqua sky",
    "id": 4,
    "pantone_value": "14-4811"
  },
  {
    "color": "#E2583E",
    "year": 2004,
    "name": "tigerlily",
    "id": 5,
    "pantone_value": "17-1456"
  },
  {
    "color": "#53B0AE",
    "year": 2005,
    "name": "blue turquoise",
    "id": 6,
    "pantone_value": "15-5217"
  }
]

13:47:34.330 [print] result is---> {
  "color": "#53B0AE",
  "year": 2005,
  "name": "blue turquoise",
  "id": 6,
  "pantone_value": "15-5217"
}

13:47:34.365 request:
1 > GET https://reqres.in/api/users/23
1 > Accept-Encoding: gzip,deflate
1 > Connection: Keep-Alive
1 > Host: reqres.in
1 > User-Agent: Apache-HttpClient/4.5.12 (Java/1.8.0_242)

13:47:38.492 response time in milliseconds: 4126.41
1 < 404
1 < Access-Control-Allow-Origin: *
1 < Age: 163
1 < CF-Cache-Status: HIT
1 < CF-RAY: 58af59bfeadde4d8-ATL
1 < Cache-Control: max-age=14400
1 < Connection: keep-alive
1 < Content-Length: 2
1 < Content-Type: application/json; charset=utf-8
1 < Date: Tue, 28 Apr 2020 08:18:05 GMT
1 < Etag: W/"2-vyGp6PvFo4RvsFtPoIWeCReyIC8"
1 < Expect-CT: max-age=604800, report-uri="https://report-uri.cloudflare.com/cdn-cgi/beacon/expect-ct"
1 < Server: cloudflare
1 < Set-Cookie: __cfduid=da1d4daff16d15e0b0366cf2a767bda241588061885; expires=Thu, 28-May-20 08:18:05 GMT; path=/; domain=.reqres.in; HttpOnly; SameSite=Lax; Secure
1 < Vary: Accept-Encoding
1 < Via: 1.1 vegur
1 < X-Powered-By: Express
1 < cf-request-id: 0261766bf30000e4d8901fa200000001
{}

ct"
1 < Server: cloudflare
1 < Set-Cookie: __cfduid=d4a8639167319b8fecf29cf1d7be1a6891587976288; expires=Wed, 27-May-20 08:31:28 GMT; path=/; domain=.reqres.in; HttpOnly; SameSite=Lax; Secure
1 < Transfer-Encoding: chunked
1 < Vary: Accept-Encoding
1 < Via: 1.1 vegur
1 < X-Powered-By: Express
1 < cf-request-id: 025c5c51fd0000f35dc2b5c200000001
{"data":{"id":2,"name":"fuchsia rose","year":2001,"color":"#C74375","pantone_value":"17-2031"},"ad":{"company":"StatusCode Weekly","url":"http://statuscode.org/","text":"A weekly newsletter focusing on software development, infrastructure, the server, performance, and the stack end of things."}}

